<?xml version="1.0" encoding="UTF-8"?>
<!-- Generated by org.testng.reporters.JUnitReportReporter -->
<testsuite hostname="DESKTOP-14N1F2H" failures="0" tests="3" name="com.pro.testcases.HomePageTest" time="3.799" errors="0" timestamp="2024-09-19T09:05:51 EDT" skipped="0">
  <testcase classname="com.pro.testcases.HomePageTest" name="Testswaglablogin" time="1.042"/>
  <system-out/>
  <testcase classname="com.pro.testcases.HomePageTest" name="TestAddToCart" time="0.557"/>
  <system-out/>
  <testcase classname="com.pro.testcases.HomePageTest" name="TestCheckOut" time="2.200"/>
  <system-out/>
</testsuite> <!-- com.pro.testcases.HomePageTest -->
