<?xml version="1.0" encoding="UTF-8"?>
<!-- Generated by org.testng.reporters.JUnitReportReporter -->
<testsuite hostname="DESKTOP-14N1F2H" failures="0" tests="1" name="com.pro.testcases.AddToCartTest" time="1.443" errors="0" timestamp="2024-09-24T12:25:53 EDT" skipped="0">
  <testcase classname="com.pro.testcases.AddToCartTest" name="TestAddToCart" time="1.443"/>
  <system-out/>
</testsuite> <!-- com.pro.testcases.AddToCartTest -->
